
============================================================
D3: Dream Tree Evaluation
============================================================
Mode: tree
Eval budget: 50 steps
Num eval: 50 episodes
Policy: pusht/lejepa

Loading and compiling model...
Compiling predictor with backend='inductor', mode='reduce-overhead'...
Compiling encoder with backend='inductor', mode='reduce-overhead'...
Patched rollout with pre-allocated buffers.
Warming up compiled pipeline...
  warmup 1/3
  warmup 2/3
  warmup 3/3
Pipeline ready.
10:32:22.700 | INFO    (30254, stable_pretraining) | Cached 'action' from '/workspace/data/pusht_expert_train.h5'
10:32:24.472 | INFO    (30254, stable_pretraining) | Cached 'proprio' from '/workspace/data/pusht_expert_train.h5'
10:32:26.282 | INFO    (30254, stable_pretraining) | Cached 'state' from '/workspace/data/pusht_expert_train.h5'
10:32:28.173 | INFO    (30254, stable_worldmodel.world) | 🌍🌍🌍 World swm/PushT-v1 initialized 🌍🌍🌍
10:32:28.173 | INFO    (30254, stable_worldmodel.world) | 🕹️ 🕹️ 🕹️ Action space 🕹️ 🕹️ 🕹️
10:32:28.173 | INFO    (30254, stable_worldmodel.world) | Box(-1.0, 1.0, (1, 2), float32)
10:32:28.173 | INFO    (30254, stable_worldmodel.world) | 👁️ 👁️ 👁️ Observation space 👁️ 👁️ 👁️
10:32:28.173 | INFO    (30254, stable_worldmodel.world) | Dict('proprio': Box(0.0, 512.0, (1, 4), float64), 'state': Box(0.0, [[512.         512.         512.         512.           6.28318531
  512.         512.        ]], (1, 7), float64))
10:32:28.173 | INFO    (30254, stable_worldmodel.world) | ⚗️ ⚗️ ⚗️ Variation space ⚗️ ⚗️ ⚗️
agent:
    angle: Box(-6.283185307179586, 6.283185307179586, (), float64)
    color: Box(0, 255, (3,), uint8)
    scale: Box(20.0, 60.0, (), float32)
    shape: Discrete(8)
    start_position: Box(50.0, 450.0, (2,), float64)
    velocity: Box(0.0, 512.0, (2,), float64)
background:
    color: Box(0, 255, (3,), uint8)
block:
    angle: Box(-6.283185307179586, 6.283185307179586, (), float64)
    color: Box(0, 255, (3,), uint8)
    scale: Box(20.0, 60.0, (), float32)
    shape: Discrete(7, start=1)
    start_position: Box(100.0, 400.0, (2,), float64)
goal:
    angle: Box(-6.283185307179586, 6.283185307179586, (), float64)
    color: Box(0, 255, (3,), uint8)
    position: Box(50.0, 450.0, (2,), float64)
    scale: Box(20.0, 60.0, (), float32)
rendering:
    render_goal: Discrete(2)
/usr/local/lib/python3.11/dist-packages/gymnasium/spaces/box.py:424: UserWarning: [33mWARN: Casting input x to numpy array.[0m
  gym.logger.warn("Casting input x to numpy array.")
/usr/local/lib/python3.11/dist-packages/gymnasium/utils/passive_env_checker.py:158: UserWarning: [33mWARN: The obs returned by the `step()` method is not within the observation space.[0m
  logger.warn(f"{pre} is not within the observation space.")
/usr/local/lib/python3.11/dist-packages/gymnasium/spaces/box.py:424: UserWarning: [33mWARN: Casting input x to numpy array.[0m
  gym.logger.warn("Casting input x to numpy array.")
/usr/local/lib/python3.11/dist-packages/gymnasium/spaces/box.py:424: UserWarning: [33mWARN: Casting input x to numpy array.[0m
  gym.logger.warn("Casting input x to numpy array.")
/usr/local/lib/python3.11/dist-packages/gymnasium/spaces/box.py:424: UserWarning: [33mWARN: Casting input x to numpy array.[0m
  gym.logger.warn("Casting input x to numpy array.")
/usr/local/lib/python3.11/dist-packages/gymnasium/spaces/box.py:424: UserWarning: [33mWARN: Casting input x to numpy array.[0m
  gym.logger.warn("Casting input x to numpy array.")
/usr/local/lib/python3.11/dist-packages/gymnasium/spaces/box.py:424: UserWarning: [33mWARN: Casting input x to numpy array.[0m
  gym.logger.warn("Casting input x to numpy array.")
/usr/local/lib/python3.11/dist-packages/gymnasium/spaces/box.py:424: UserWarning: [33mWARN: Casting input x to numpy array.[0m
  gym.logger.warn("Casting input x to numpy array.")
/usr/local/lib/python3.11/dist-packages/gymnasium/spaces/box.py:424: UserWarning: [33mWARN: Casting input x to numpy array.[0m
  gym.logger.warn("Casting input x to numpy array.")
/usr/local/lib/python3.11/dist-packages/gymnasium/spaces/box.py:424: UserWarning: [33mWARN: Casting input x to numpy array.[0m
  gym.logger.warn("Casting input x to numpy array.")
/usr/local/lib/python3.11/dist-packages/gymnasium/spaces/box.py:424: UserWarning: [33mWARN: Casting input x to numpy array.[0m
  gym.logger.warn("Casting input x to numpy array.")
/usr/local/lib/python3.11/dist-packages/gymnasium/spaces/box.py:424: UserWarning: [33mWARN: Casting input x to numpy array.[0m
  gym.logger.warn("Casting input x to numpy array.")
/usr/local/lib/python3.11/dist-packages/gymnasium/spaces/box.py:424: UserWarning: [33mWARN: Casting input x to numpy array.[0m
  gym.logger.warn("Casting input x to numpy array.")
/usr/local/lib/python3.11/dist-packages/gymnasium/spaces/box.py:424: UserWarning: [33mWARN: Casting input x to numpy array.[0m
  gym.logger.warn("Casting input x to numpy array.")
/usr/local/lib/python3.11/dist-packages/gymnasium/spaces/box.py:424: UserWarning: [33mWARN: Casting input x to numpy array.[0m
  gym.logger.warn("Casting input x to numpy array.")
/usr/local/lib/python3.11/dist-packages/gymnasium/spaces/box.py:424: UserWarning: [33mWARN: Casting input x to numpy array.[0m
  gym.logger.warn("Casting input x to numpy array.")
/usr/local/lib/python3.11/dist-packages/gymnasium/spaces/box.py:424: UserWarning: [33mWARN: Casting input x to numpy array.[0m
  gym.logger.warn("Casting input x to numpy array.")
/usr/local/lib/python3.11/dist-packages/gymnasium/spaces/box.py:424: UserWarning: [33mWARN: Casting input x to numpy array.[0m
  gym.logger.warn("Casting input x to numpy array.")
/usr/local/lib/python3.11/dist-packages/gymnasium/spaces/box.py:424: UserWarning: [33mWARN: Casting input x to numpy array.[0m
  gym.logger.warn("Casting input x to numpy array.")
/usr/local/lib/python3.11/dist-packages/gymnasium/spaces/box.py:424: UserWarning: [33mWARN: Casting input x to numpy array.[0m
  gym.logger.warn("Casting input x to numpy array.")
/usr/local/lib/python3.11/dist-packages/gymnasium/spaces/box.py:424: UserWarning: [33mWARN: Casting input x to numpy array.[0m
  gym.logger.warn("Casting input x to numpy array.")
/usr/local/lib/python3.11/dist-packages/gymnasium/spaces/box.py:424: UserWarning: [33mWARN: Casting input x to numpy array.[0m
  gym.logger.warn("Casting input x to numpy array.")
/usr/local/lib/python3.11/dist-packages/gymnasium/spaces/box.py:424: UserWarning: [33mWARN: Casting input x to numpy array.[0m
  gym.logger.warn("Casting input x to numpy array.")
/usr/local/lib/python3.11/dist-packages/gymnasium/spaces/box.py:424: UserWarning: [33mWARN: Casting input x to numpy array.[0m
  gym.logger.warn("Casting input x to numpy array.")
/usr/local/lib/python3.11/dist-packages/gymnasium/spaces/box.py:424: UserWarning: [33mWARN: Casting input x to numpy array.[0m
  gym.logger.warn("Casting input x to numpy array.")
/usr/local/lib/python3.11/dist-packages/gymnasium/spaces/box.py:424: UserWarning: [33mWARN: Casting input x to numpy array.[0m
  gym.logger.warn("Casting input x to numpy array.")
/usr/local/lib/python3.11/dist-packages/gymnasium/spaces/box.py:424: UserWarning: [33mWARN: Casting input x to numpy array.[0m
  gym.logger.warn("Casting input x to numpy array.")
/usr/local/lib/python3.11/dist-packages/gymnasium/spaces/box.py:424: UserWarning: [33mWARN: Casting input x to numpy array.[0m
  gym.logger.warn("Casting input x to numpy array.")
/usr/local/lib/python3.11/dist-packages/gymnasium/spaces/box.py:424: UserWarning: [33mWARN: Casting input x to numpy array.[0m
  gym.logger.warn("Casting input x to numpy array.")
/usr/local/lib/python3.11/dist-packages/gymnasium/spaces/box.py:424: UserWarning: [33mWARN: Casting input x to numpy array.[0m
  gym.logger.warn("Casting input x to numpy array.")
/usr/local/lib/python3.11/dist-packages/gymnasium/spaces/box.py:424: UserWarning: [33mWARN: Casting input x to numpy array.[0m
  gym.logger.warn("Casting input x to numpy array.")
/usr/local/lib/python3.11/dist-packages/gymnasium/spaces/box.py:424: UserWarning: [33mWARN: Casting input x to numpy array.[0m
  gym.logger.warn("Casting input x to numpy array.")
/usr/local/lib/python3.11/dist-packages/gymnasium/spaces/box.py:424: UserWarning: [33mWARN: Casting input x to numpy array.[0m
  gym.logger.warn("Casting input x to numpy array.")
/usr/local/lib/python3.11/dist-packages/gymnasium/spaces/box.py:424: UserWarning: [33mWARN: Casting input x to numpy array.[0m
  gym.logger.warn("Casting input x to numpy array.")
/usr/local/lib/python3.11/dist-packages/gymnasium/spaces/box.py:424: UserWarning: [33mWARN: Casting input x to numpy array.[0m
  gym.logger.warn("Casting input x to numpy array.")
/usr/local/lib/python3.11/dist-packages/gymnasium/spaces/box.py:424: UserWarning: [33mWARN: Casting input x to numpy array.[0m
  gym.logger.warn("Casting input x to numpy array.")
/usr/local/lib/python3.11/dist-packages/gymnasium/spaces/box.py:424: UserWarning: [33mWARN: Casting input x to numpy array.[0m
  gym.logger.warn("Casting input x to numpy array.")
/usr/local/lib/python3.11/dist-packages/gymnasium/spaces/box.py:424: UserWarning: [33mWARN: Casting input x to numpy array.[0m
  gym.logger.warn("Casting input x to numpy array.")
/usr/local/lib/python3.11/dist-packages/gymnasium/spaces/box.py:424: UserWarning: [33mWARN: Casting input x to numpy array.[0m
  gym.logger.warn("Casting input x to numpy array.")
/usr/local/lib/python3.11/dist-packages/gymnasium/spaces/box.py:424: UserWarning: [33mWARN: Casting input x to numpy array.[0m
  gym.logger.warn("Casting input x to numpy array.")
/usr/local/lib/python3.11/dist-packages/gymnasium/spaces/box.py:424: UserWarning: [33mWARN: Casting input x to numpy array.[0m
  gym.logger.warn("Casting input x to numpy array.")
/usr/local/lib/python3.11/dist-packages/gymnasium/spaces/box.py:424: UserWarning: [33mWARN: Casting input x to numpy array.[0m
  gym.logger.warn("Casting input x to numpy array.")
/usr/local/lib/python3.11/dist-packages/gymnasium/spaces/box.py:424: UserWarning: [33mWARN: Casting input x to numpy array.[0m
  gym.logger.warn("Casting input x to numpy array.")
/usr/local/lib/python3.11/dist-packages/gymnasium/spaces/box.py:424: UserWarning: [33mWARN: Casting input x to numpy array.[0m
  gym.logger.warn("Casting input x to numpy array.")
/usr/local/lib/python3.11/dist-packages/gymnasium/spaces/box.py:424: UserWarning: [33mWARN: Casting input x to numpy array.[0m
  gym.logger.warn("Casting input x to numpy array.")
/usr/local/lib/python3.11/dist-packages/gymnasium/spaces/box.py:424: UserWarning: [33mWARN: Casting input x to numpy array.[0m
  gym.logger.warn("Casting input x to numpy array.")
/usr/local/lib/python3.11/dist-packages/gymnasium/spaces/box.py:424: UserWarning: [33mWARN: Casting input x to numpy array.[0m
  gym.logger.warn("Casting input x to numpy array.")
/usr/local/lib/python3.11/dist-packages/gymnasium/spaces/box.py:424: UserWarning: [33mWARN: Casting input x to numpy array.[0m
  gym.logger.warn("Casting input x to numpy array.")
/usr/local/lib/python3.11/dist-packages/gymnasium/spaces/box.py:424: UserWarning: [33mWARN: Casting input x to numpy array.[0m
  gym.logger.warn("Casting input x to numpy array.")
/usr/local/lib/python3.11/dist-packages/gymnasium/spaces/box.py:424: UserWarning: [33mWARN: Casting input x to numpy array.[0m
  gym.logger.warn("Casting input x to numpy array.")
/usr/local/lib/python3.11/dist-packages/gymnasium/spaces/box.py:424: UserWarning: [33mWARN: Casting input x to numpy array.[0m
  gym.logger.warn("Casting input x to numpy array.")

--- Dream Tree (roots=4, depth=2) ---
Warming up tree planner (first call triggers recompilation)...
Tree planner ready.
  Episode 1/50: success_rate=100.0%, mean_planning=372ms
  Episode 10/50: success_rate=20.0%, mean_planning=373ms
  Episode 20/50: success_rate=25.0%, mean_planning=376ms
  Episode 30/50: success_rate=20.0%, mean_planning=374ms
  Episode 40/50: success_rate=20.0%, mean_planning=375ms
  Episode 50/50: success_rate=18.0%, mean_planning=375ms

Dream Tree: 18.0% (9/50), 375ms/step
  Root: 339ms, Expansion: 23ms
  CEM calls/step: 8, Nodes: 9

Results saved to /workspace/data/results/d3_tree_h50.json
